<?xml version="1.0" encoding="UTF-8"?>
<!-- Generated by org.testng.reporters.JUnitXMLReporter -->
<testsuite hostname="DESKTOP-CA5PM66" name="BigProject" tests="4" failures="0" timestamp="11 Feb 2021 11:08:19 GMT" time="27.573" errors="0">
  <testcase name="AE15_addEmployeeValidDataNoLogindetails" time="16.585" classname="testCase.AE_AddEmployeeTest"/>
  <testcase name="AE16_addemployeewithemptyfirstnamefield" time="0.866" classname="testCase.AE_AddEmployeeTest"/>
  <testcase name="AE17_addemployeewithemptylastnamefield" time="0.814" classname="testCase.AE_AddEmployeeTest"/>
  <testcase name="AE18_addemployeewithexistemployeeId" time="2.642" classname="testCase.AE_AddEmployeeTest"/>
</testsuite> <!-- BigProject -->
